2020-12-30 17:27:41.479  INFO 7808 --- [main] cn.app.source.Application                : Starting Application on DESKTOP-RS18NUR with PID 7808 (F:\hdd\source-manager\target\classes started by donglian in F:\hdd\source-manager)
2020-12-30 17:27:41.482  INFO 7808 --- [main] cn.app.source.Application                : No active profile set, falling back to default profiles: default
2020-12-30 17:27:42.553  INFO 7808 --- [main] o.s.b.w.embedded.tomcat.TomcatWebServer  : Tomcat initialized with port(s): 9527 (http)
2020-12-30 17:27:42.561  INFO 7808 --- [main] o.apache.catalina.core.StandardService   : Starting service [Tomcat]
2020-12-30 17:27:42.561  INFO 7808 --- [main] org.apache.catalina.core.StandardEngine  : Starting Servlet engine: [Apache Tomcat/9.0.38]
2020-12-30 17:27:42.653  INFO 7808 --- [main] o.a.c.c.C.[Tomcat].[localhost].[/]       : Initializing Spring embedded WebApplicationContext
2020-12-30 17:27:42.653  INFO 7808 --- [main] w.s.c.ServletWebServerApplicationContext : Root WebApplicationContext: initialization completed in 1118 ms
2020-12-30 17:27:42.827  INFO 7808 --- [main] c.a.d.s.b.a.DruidDataSourceAutoConfigure : Init DruidDataSource
2020-12-30 17:27:42.993  INFO 7808 --- [main] com.alibaba.druid.pool.DruidDataSource   : {dataSource-1} inited
2020-12-30 17:27:43.778  INFO 7808 --- [main] o.s.s.concurrent.ThreadPoolTaskExecutor  : Initializing ExecutorService 'applicationTaskExecutor'
2020-12-30 17:27:43.977  INFO 7808 --- [main] o.s.s.c.ThreadPoolTaskScheduler          : Initializing ExecutorService 'taskScheduler'
2020-12-30 17:27:44.032  INFO 7808 --- [main] o.s.b.w.embedded.tomcat.TomcatWebServer  : Tomcat started on port(s): 9527 (http) with context path ''
2020-12-30 17:27:44.043  INFO 7808 --- [main] cn.app.source.Application                : Started Application in 2.974 seconds (JVM running for 3.694)
2020-12-30 17:27:54.009  INFO 7808 --- [http-nio-9527-exec-1] o.a.c.c.C.[Tomcat].[localhost].[/]       : Initializing Spring DispatcherServlet 'dispatcherServlet'
2020-12-30 17:27:54.009  INFO 7808 --- [http-nio-9527-exec-1] o.s.web.servlet.DispatcherServlet        : Initializing Servlet 'dispatcherServlet'
2020-12-30 17:27:54.015  INFO 7808 --- [http-nio-9527-exec-1] o.s.web.servlet.DispatcherServlet        : Completed initialization in 6 ms
2020-12-30 17:27:54.033  INFO 7808 --- [http-nio-9527-exec-1] c.a.s.controller.DownloadController      : ----------------------testa
2020-12-30 17:27:54.034  INFO 7808 --- [http-nio-9527-exec-1] c.a.s.controller.DownloadController      : ----------------------testa
2020-12-30 17:27:54.034  INFO 7808 --- [http-nio-9527-exec-1] c.a.s.controller.DownloadController      : ----------------------testa
2020-12-30 17:27:54.034  INFO 7808 --- [http-nio-9527-exec-1] c.a.s.controller.DownloadController      : ----------------------testa
2020-12-30 17:27:54.034  INFO 7808 --- [http-nio-9527-exec-1] c.a.s.controller.DownloadController      : ----------------------testa
2020-12-30 17:27:54.034  INFO 7808 --- [http-nio-9527-exec-1] c.a.s.controller.DownloadController      : ----------------------testa
2020-12-30 17:27:54.034  INFO 7808 --- [http-nio-9527-exec-1] c.a.s.controller.DownloadController      : ----------------------testa
2020-12-30 17:27:54.034  INFO 7808 --- [http-nio-9527-exec-1] c.a.s.controller.DownloadController      : ----------------------testa
2020-12-30 17:27:54.034  INFO 7808 --- [http-nio-9527-exec-1] c.a.s.controller.DownloadController      : ----------------------testa
2020-12-30 17:27:54.034  INFO 7808 --- [http-nio-9527-exec-1] c.a.s.controller.DownloadController      : ----------------------testa
2020-12-30 17:27:54.034  INFO 7808 --- [http-nio-9527-exec-1] c.a.s.controller.DownloadController      : ----------------------testa
2020-12-30 17:27:54.034  INFO 7808 --- [http-nio-9527-exec-1] c.a.s.controller.DownloadController      : ----------------------testa
2020-12-30 17:27:54.034  INFO 7808 --- [http-nio-9527-exec-1] c.a.s.controller.DownloadController      : ----------------------testa
2020-12-30 17:27:54.034  INFO 7808 --- [http-nio-9527-exec-1] c.a.s.controller.DownloadController      : ----------------------testa
2020-12-30 17:27:54.034  INFO 7808 --- [http-nio-9527-exec-1] c.a.s.controller.DownloadController      : ----------------------testa
2020-12-30 17:27:54.034  INFO 7808 --- [http-nio-9527-exec-1] c.a.s.controller.DownloadController      : ----------------------testa
2020-12-30 17:27:54.034  INFO 7808 --- [http-nio-9527-exec-1] c.a.s.controller.DownloadController      : ----------------------testa
2020-12-30 17:27:54.034  INFO 7808 --- [http-nio-9527-exec-1] c.a.s.controller.DownloadController      : ----------------------testa
2020-12-30 17:27:54.034  INFO 7808 --- [http-nio-9527-exec-1] c.a.s.controller.DownloadController      : ----------------------testa
2020-12-30 17:27:54.034  INFO 7808 --- [http-nio-9527-exec-1] c.a.s.controller.DownloadController      : ----------------------testa
2020-12-30 17:27:54.034  INFO 7808 --- [http-nio-9527-exec-1] c.a.s.controller.DownloadController      : ----------------------testa
2020-12-30 17:27:54.034  INFO 7808 --- [http-nio-9527-exec-1] c.a.s.controller.DownloadController      : ----------------------testa
2020-12-30 17:27:54.035  INFO 7808 --- [http-nio-9527-exec-1] c.a.s.controller.DownloadController      : ----------------------testa
2020-12-30 17:27:54.035  INFO 7808 --- [http-nio-9527-exec-1] c.a.s.controller.DownloadController      : ----------------------testa
2020-12-30 17:27:54.035  INFO 7808 --- [http-nio-9527-exec-1] c.a.s.controller.DownloadController      : ----------------------testa
2020-12-30 17:27:54.035  INFO 7808 --- [http-nio-9527-exec-1] c.a.s.controller.DownloadController      : ----------------------testa
2020-12-30 17:27:54.035  INFO 7808 --- [http-nio-9527-exec-1] c.a.s.controller.DownloadController      : ----------------------testa
2020-12-30 17:27:54.035  INFO 7808 --- [http-nio-9527-exec-1] c.a.s.controller.DownloadController      : ----------------------testa
2020-12-30 17:27:54.035  INFO 7808 --- [http-nio-9527-exec-1] c.a.s.controller.DownloadController      : ----------------------testa
2020-12-30 17:27:54.035  INFO 7808 --- [http-nio-9527-exec-1] c.a.s.controller.DownloadController      : ----------------------testa
2020-12-30 17:27:54.035  INFO 7808 --- [http-nio-9527-exec-1] c.a.s.controller.DownloadController      : ----------------------testa
2020-12-30 17:27:54.035  INFO 7808 --- [http-nio-9527-exec-1] c.a.s.controller.DownloadController      : ----------------------testa
2020-12-30 17:27:54.035  INFO 7808 --- [http-nio-9527-exec-1] c.a.s.controller.DownloadController      : ----------------------testa
2020-12-30 17:27:54.035  INFO 7808 --- [http-nio-9527-exec-1] c.a.s.controller.DownloadController      : ----------------------testa
2020-12-30 17:27:54.035  INFO 7808 --- [http-nio-9527-exec-1] c.a.s.controller.DownloadController      : ----------------------testa
2020-12-30 17:27:54.035  INFO 7808 --- [http-nio-9527-exec-1] c.a.s.controller.DownloadController      : ----------------------testa
2020-12-30 17:27:54.035  INFO 7808 --- [http-nio-9527-exec-1] c.a.s.controller.DownloadController      : ----------------------testa
2020-12-30 17:27:54.035  INFO 7808 --- [http-nio-9527-exec-1] c.a.s.controller.DownloadController      : ----------------------testa
2020-12-30 17:27:54.035  INFO 7808 --- [http-nio-9527-exec-1] c.a.s.controller.DownloadController      : ----------------------testa
2020-12-30 17:27:54.035  INFO 7808 --- [http-nio-9527-exec-1] c.a.s.controller.DownloadController      : ----------------------testa
2020-12-30 17:27:54.035  INFO 7808 --- [http-nio-9527-exec-1] c.a.s.controller.DownloadController      : ----------------------testa
2020-12-30 17:27:54.035  INFO 7808 --- [http-nio-9527-exec-1] c.a.s.controller.DownloadController      : ----------------------testa
2020-12-30 17:27:54.035  INFO 7808 --- [http-nio-9527-exec-1] c.a.s.controller.DownloadController      : ----------------------testa
2020-12-30 17:27:54.035  INFO 7808 --- [http-nio-9527-exec-1] c.a.s.controller.DownloadController      : ----------------------testa
2020-12-30 17:27:54.035  INFO 7808 --- [http-nio-9527-exec-1] c.a.s.controller.DownloadController      : ----------------------testa
2020-12-30 17:27:54.036  INFO 7808 --- [http-nio-9527-exec-1] c.a.s.controller.DownloadController      : ----------------------testa
2020-12-30 17:27:54.036  INFO 7808 --- [http-nio-9527-exec-1] c.a.s.controller.DownloadController      : ----------------------testa
2020-12-30 17:27:54.036  INFO 7808 --- [http-nio-9527-exec-1] c.a.s.controller.DownloadController      : ----------------------testa
2020-12-30 17:27:54.036  INFO 7808 --- [http-nio-9527-exec-1] c.a.s.controller.DownloadController      : ----------------------testa
2020-12-30 17:27:54.036  INFO 7808 --- [http-nio-9527-exec-1] c.a.s.controller.DownloadController      : ----------------------testa
2020-12-30 17:27:54.036  INFO 7808 --- [http-nio-9527-exec-1] c.a.s.controller.DownloadController      : ----------------------testa
2020-12-30 17:27:54.036  INFO 7808 --- [http-nio-9527-exec-1] c.a.s.controller.DownloadController      : ----------------------testa
2020-12-30 17:27:54.036  INFO 7808 --- [http-nio-9527-exec-1] c.a.s.controller.DownloadController      : ----------------------testa
2020-12-30 17:27:54.036  INFO 7808 --- [http-nio-9527-exec-1] c.a.s.controller.DownloadController      : ----------------------testa
2020-12-30 17:27:54.036  INFO 7808 --- [http-nio-9527-exec-1] c.a.s.controller.DownloadController      : ----------------------testa
2020-12-30 17:27:54.036  INFO 7808 --- [http-nio-9527-exec-1] c.a.s.controller.DownloadController      : ----------------------testa
2020-12-30 17:27:54.036  INFO 7808 --- [http-nio-9527-exec-1] c.a.s.controller.DownloadController      : ----------------------testa
2020-12-30 17:27:54.036  INFO 7808 --- [http-nio-9527-exec-1] c.a.s.controller.DownloadController      : ----------------------testa
2020-12-30 17:27:54.036  INFO 7808 --- [http-nio-9527-exec-1] c.a.s.controller.DownloadController      : ----------------------testa
2020-12-30 17:27:54.036  INFO 7808 --- [http-nio-9527-exec-1] c.a.s.controller.DownloadController      : ----------------------testa
2020-12-30 17:27:54.036  INFO 7808 --- [http-nio-9527-exec-1] c.a.s.controller.DownloadController      : ----------------------testa
2020-12-30 17:27:54.036  INFO 7808 --- [http-nio-9527-exec-1] c.a.s.controller.DownloadController      : ----------------------testa
2020-12-30 17:27:54.036  INFO 7808 --- [http-nio-9527-exec-1] c.a.s.controller.DownloadController      : ----------------------testa
2020-12-30 17:27:54.037  INFO 7808 --- [http-nio-9527-exec-1] c.a.s.controller.DownloadController      : ----------------------testa
2020-12-30 17:27:54.037  INFO 7808 --- [http-nio-9527-exec-1] c.a.s.controller.DownloadController      : ----------------------testa
2020-12-30 17:27:54.037  INFO 7808 --- [http-nio-9527-exec-1] c.a.s.controller.DownloadController      : ----------------------testa
2020-12-30 17:27:54.037  INFO 7808 --- [http-nio-9527-exec-1] c.a.s.controller.DownloadController      : ----------------------testa
2020-12-30 17:27:54.037  INFO 7808 --- [http-nio-9527-exec-1] c.a.s.controller.DownloadController      : ----------------------testa
2020-12-30 17:27:54.037  INFO 7808 --- [http-nio-9527-exec-1] c.a.s.controller.DownloadController      : ----------------------testa
2020-12-30 17:27:54.037  INFO 7808 --- [http-nio-9527-exec-1] c.a.s.controller.DownloadController      : ----------------------testa
2020-12-30 17:27:54.037  INFO 7808 --- [http-nio-9527-exec-1] c.a.s.controller.DownloadController      : ----------------------testa
2020-12-30 17:27:54.037  INFO 7808 --- [http-nio-9527-exec-1] c.a.s.controller.DownloadController      : ----------------------testa
2020-12-30 17:27:54.037  INFO 7808 --- [http-nio-9527-exec-1] c.a.s.controller.DownloadController      : ----------------------testa
2020-12-30 17:27:54.037  INFO 7808 --- [http-nio-9527-exec-1] c.a.s.controller.DownloadController      : ----------------------testa
2020-12-30 17:27:54.037  INFO 7808 --- [http-nio-9527-exec-1] c.a.s.controller.DownloadController      : ----------------------testa
2020-12-30 17:27:54.037  INFO 7808 --- [http-nio-9527-exec-1] c.a.s.controller.DownloadController      : ----------------------testa
2020-12-30 17:27:54.037  INFO 7808 --- [http-nio-9527-exec-1] c.a.s.controller.DownloadController      : ----------------------testa
2020-12-30 17:27:54.037  INFO 7808 --- [http-nio-9527-exec-1] c.a.s.controller.DownloadController      : ----------------------testa
2020-12-30 17:27:54.037  INFO 7808 --- [http-nio-9527-exec-1] c.a.s.controller.DownloadController      : 少年，限流了 --Port：当前服务访问人数较多,请稍后再试
2020-12-30 17:27:54.037  INFO 7808 --- [http-nio-9527-exec-1] c.a.s.controller.DownloadController      : 少年，限流了 --Port：当前服务访问人数较多,请稍后再试
2020-12-30 17:27:54.037  INFO 7808 --- [http-nio-9527-exec-1] c.a.s.controller.DownloadController      : 少年，限流了 --Port：当前服务访问人数较多,请稍后再试
2020-12-30 17:27:54.037  INFO 7808 --- [http-nio-9527-exec-1] c.a.s.controller.DownloadController      : 少年，限流了 --Port：当前服务访问人数较多,请稍后再试
2020-12-30 17:27:54.038  INFO 7808 --- [http-nio-9527-exec-1] c.a.s.controller.DownloadController      : 少年，限流了 --Port：当前服务访问人数较多,请稍后再试
2020-12-30 17:27:54.038  INFO 7808 --- [http-nio-9527-exec-1] c.a.s.controller.DownloadController      : 少年，限流了 --Port：当前服务访问人数较多,请稍后再试
2020-12-30 17:27:54.038  INFO 7808 --- [http-nio-9527-exec-1] c.a.s.controller.DownloadController      : 少年，限流了 --Port：当前服务访问人数较多,请稍后再试
2020-12-30 17:27:54.038  INFO 7808 --- [http-nio-9527-exec-1] c.a.s.controller.DownloadController      : 少年，限流了 --Port：当前服务访问人数较多,请稍后再试
2020-12-30 17:27:54.038  INFO 7808 --- [http-nio-9527-exec-1] c.a.s.controller.DownloadController      : 少年，限流了 --Port：当前服务访问人数较多,请稍后再试
2020-12-30 17:27:54.038  INFO 7808 --- [http-nio-9527-exec-1] c.a.s.controller.DownloadController      : 少年，限流了 --Port：当前服务访问人数较多,请稍后再试
2020-12-30 17:27:54.038  INFO 7808 --- [http-nio-9527-exec-1] c.a.s.controller.DownloadController      : 少年，限流了 --Port：当前服务访问人数较多,请稍后再试
2020-12-30 17:27:54.038  INFO 7808 --- [http-nio-9527-exec-1] c.a.s.controller.DownloadController      : 少年，限流了 --Port：当前服务访问人数较多,请稍后再试
2020-12-30 17:27:54.038  INFO 7808 --- [http-nio-9527-exec-1] c.a.s.controller.DownloadController      : 少年，限流了 --Port：当前服务访问人数较多,请稍后再试
2020-12-30 17:27:54.038  INFO 7808 --- [http-nio-9527-exec-1] c.a.s.controller.DownloadController      : 少年，限流了 --Port：当前服务访问人数较多,请稍后再试
2020-12-30 17:27:54.038  INFO 7808 --- [http-nio-9527-exec-1] c.a.s.controller.DownloadController      : 少年，限流了 --Port：当前服务访问人数较多,请稍后再试
2020-12-30 17:27:54.038  INFO 7808 --- [http-nio-9527-exec-1] c.a.s.controller.DownloadController      : 少年，限流了 --Port：当前服务访问人数较多,请稍后再试
2020-12-30 17:27:54.039  INFO 7808 --- [http-nio-9527-exec-1] c.a.s.controller.DownloadController      : 少年，限流了 --Port：当前服务访问人数较多,请稍后再试
2020-12-30 17:27:54.039  INFO 7808 --- [http-nio-9527-exec-1] c.a.s.controller.DownloadController      : 少年，限流了 --Port：当前服务访问人数较多,请稍后再试
2020-12-30 17:27:54.039  INFO 7808 --- [http-nio-9527-exec-1] c.a.s.controller.DownloadController      : 少年，限流了 --Port：当前服务访问人数较多,请稍后再试
2020-12-30 17:27:54.039  INFO 7808 --- [http-nio-9527-exec-1] c.a.s.controller.DownloadController      : 少年，限流了 --Port：当前服务访问人数较多,请稍后再试
2020-12-30 17:27:54.039  INFO 7808 --- [http-nio-9527-exec-1] c.a.s.controller.DownloadController      : 少年，限流了 --Port：当前服务访问人数较多,请稍后再试
2020-12-30 17:27:54.039  INFO 7808 --- [http-nio-9527-exec-1] c.a.s.controller.DownloadController      : 少年，限流了 --Port：当前服务访问人数较多,请稍后再试
2020-12-30 17:27:54.039  INFO 7808 --- [http-nio-9527-exec-1] c.a.s.controller.DownloadController      : 少年，限流了 --Port：当前服务访问人数较多,请稍后再试
2020-12-30 17:27:54.039  INFO 7808 --- [http-nio-9527-exec-1] c.a.s.controller.DownloadController      : 少年，限流了 --Port：当前服务访问人数较多,请稍后再试
2020-12-30 17:27:54.039  INFO 7808 --- [http-nio-9527-exec-1] c.a.s.controller.DownloadController      : 少年，限流了 --Port：当前服务访问人数较多,请稍后再试
2020-12-30 17:27:54.039  INFO 7808 --- [http-nio-9527-exec-1] c.a.s.controller.DownloadController      : 少年，限流了 --Port：当前服务访问人数较多,请稍后再试
2020-12-30 17:27:54.039  INFO 7808 --- [http-nio-9527-exec-1] c.a.s.controller.DownloadController      : 少年，限流了 --Port：当前服务访问人数较多,请稍后再试
2020-12-30 17:27:54.039  INFO 7808 --- [http-nio-9527-exec-1] c.a.s.controller.DownloadController      : 少年，限流了 --Port：当前服务访问人数较多,请稍后再试
2020-12-30 17:27:54.039  INFO 7808 --- [http-nio-9527-exec-1] c.a.s.controller.DownloadController      : 少年，限流了 --Port：当前服务访问人数较多,请稍后再试
2020-12-30 17:27:54.039  INFO 7808 --- [http-nio-9527-exec-1] c.a.s.controller.DownloadController      : 少年，限流了 --Port：当前服务访问人数较多,请稍后再试
2020-12-30 17:27:54.039  INFO 7808 --- [http-nio-9527-exec-1] c.a.s.controller.DownloadController      : 少年，限流了 --Port：当前服务访问人数较多,请稍后再试
2020-12-30 17:27:54.039  INFO 7808 --- [http-nio-9527-exec-1] c.a.s.controller.DownloadController      : 少年，限流了 --Port：当前服务访问人数较多,请稍后再试
2020-12-30 17:27:54.039  INFO 7808 --- [http-nio-9527-exec-1] c.a.s.controller.DownloadController      : 少年，限流了 --Port：当前服务访问人数较多,请稍后再试
2020-12-30 17:27:54.039  INFO 7808 --- [http-nio-9527-exec-1] c.a.s.controller.DownloadController      : 少年，限流了 --Port：当前服务访问人数较多,请稍后再试
2020-12-30 17:27:54.039  INFO 7808 --- [http-nio-9527-exec-1] c.a.s.controller.DownloadController      : 少年，限流了 --Port：当前服务访问人数较多,请稍后再试
2020-12-30 17:27:54.039  INFO 7808 --- [http-nio-9527-exec-1] c.a.s.controller.DownloadController      : 少年，限流了 --Port：当前服务访问人数较多,请稍后再试
2020-12-30 17:27:54.040  INFO 7808 --- [http-nio-9527-exec-1] c.a.s.controller.DownloadController      : 少年，限流了 --Port：当前服务访问人数较多,请稍后再试
2020-12-30 17:27:54.040  INFO 7808 --- [http-nio-9527-exec-1] c.a.s.controller.DownloadController      : 少年，限流了 --Port：当前服务访问人数较多,请稍后再试
2020-12-30 17:27:54.040  INFO 7808 --- [http-nio-9527-exec-1] c.a.s.controller.DownloadController      : 少年，限流了 --Port：当前服务访问人数较多,请稍后再试
2020-12-30 17:27:54.040  INFO 7808 --- [http-nio-9527-exec-1] c.a.s.controller.DownloadController      : 少年，限流了 --Port：当前服务访问人数较多,请稍后再试
2020-12-30 17:27:54.040  INFO 7808 --- [http-nio-9527-exec-1] c.a.s.controller.DownloadController      : 少年，限流了 --Port：当前服务访问人数较多,请稍后再试
2020-12-30 17:27:54.040  INFO 7808 --- [http-nio-9527-exec-1] c.a.s.controller.DownloadController      : 少年，限流了 --Port：当前服务访问人数较多,请稍后再试
2020-12-30 17:27:54.040  INFO 7808 --- [http-nio-9527-exec-1] c.a.s.controller.DownloadController      : 少年，限流了 --Port：当前服务访问人数较多,请稍后再试
2020-12-30 17:27:54.040  INFO 7808 --- [http-nio-9527-exec-1] c.a.s.controller.DownloadController      : 少年，限流了 --Port：当前服务访问人数较多,请稍后再试
2020-12-30 17:27:54.040  INFO 7808 --- [http-nio-9527-exec-1] c.a.s.controller.DownloadController      : 少年，限流了 --Port：当前服务访问人数较多,请稍后再试
2020-12-30 17:27:54.040  INFO 7808 --- [http-nio-9527-exec-1] c.a.s.controller.DownloadController      : 少年，限流了 --Port：当前服务访问人数较多,请稍后再试
2020-12-30 17:27:54.040  INFO 7808 --- [http-nio-9527-exec-1] c.a.s.controller.DownloadController      : 少年，限流了 --Port：当前服务访问人数较多,请稍后再试
2020-12-30 17:27:54.040  INFO 7808 --- [http-nio-9527-exec-1] c.a.s.controller.DownloadController      : 少年，限流了 --Port：当前服务访问人数较多,请稍后再试
2020-12-30 17:27:54.040  INFO 7808 --- [http-nio-9527-exec-1] c.a.s.controller.DownloadController      : 少年，限流了 --Port：当前服务访问人数较多,请稍后再试
2020-12-30 17:27:54.040  INFO 7808 --- [http-nio-9527-exec-1] c.a.s.controller.DownloadController      : 少年，限流了 --Port：当前服务访问人数较多,请稍后再试
2020-12-30 17:27:54.040  INFO 7808 --- [http-nio-9527-exec-1] c.a.s.controller.DownloadController      : 少年，限流了 --Port：当前服务访问人数较多,请稍后再试
2020-12-30 17:27:54.040  INFO 7808 --- [http-nio-9527-exec-1] c.a.s.controller.DownloadController      : 少年，限流了 --Port：当前服务访问人数较多,请稍后再试
2020-12-30 17:27:54.040  INFO 7808 --- [http-nio-9527-exec-1] c.a.s.controller.DownloadController      : 少年，限流了 --Port：当前服务访问人数较多,请稍后再试
2020-12-30 17:27:54.040  INFO 7808 --- [http-nio-9527-exec-1] c.a.s.controller.DownloadController      : 少年，限流了 --Port：当前服务访问人数较多,请稍后再试
2020-12-30 17:27:54.040  INFO 7808 --- [http-nio-9527-exec-1] c.a.s.controller.DownloadController      : 少年，限流了 --Port：当前服务访问人数较多,请稍后再试
2020-12-30 17:27:54.040  INFO 7808 --- [http-nio-9527-exec-1] c.a.s.controller.DownloadController      : 少年，限流了 --Port：当前服务访问人数较多,请稍后再试
2020-12-30 17:27:54.040  INFO 7808 --- [http-nio-9527-exec-1] c.a.s.controller.DownloadController      : 少年，限流了 --Port：当前服务访问人数较多,请稍后再试
2020-12-30 17:27:54.040  INFO 7808 --- [http-nio-9527-exec-1] c.a.s.controller.DownloadController      : 少年，限流了 --Port：当前服务访问人数较多,请稍后再试
2020-12-30 17:27:54.040  INFO 7808 --- [http-nio-9527-exec-1] c.a.s.controller.DownloadController      : 少年，限流了 --Port：当前服务访问人数较多,请稍后再试
2020-12-30 17:27:54.040  INFO 7808 --- [http-nio-9527-exec-1] c.a.s.controller.DownloadController      : 少年，限流了 --Port：当前服务访问人数较多,请稍后再试
2020-12-30 17:27:54.040  INFO 7808 --- [http-nio-9527-exec-1] c.a.s.controller.DownloadController      : 少年，限流了 --Port：当前服务访问人数较多,请稍后再试
2020-12-30 17:27:54.040  INFO 7808 --- [http-nio-9527-exec-1] c.a.s.controller.DownloadController      : 少年，限流了 --Port：当前服务访问人数较多,请稍后再试
2020-12-30 17:27:54.040  INFO 7808 --- [http-nio-9527-exec-1] c.a.s.controller.DownloadController      : 少年，限流了 --Port：当前服务访问人数较多,请稍后再试
2020-12-30 17:27:54.040  INFO 7808 --- [http-nio-9527-exec-1] c.a.s.controller.DownloadController      : 少年，限流了 --Port：当前服务访问人数较多,请稍后再试
2020-12-30 17:27:54.040  INFO 7808 --- [http-nio-9527-exec-1] c.a.s.controller.DownloadController      : 少年，限流了 --Port：当前服务访问人数较多,请稍后再试
2020-12-30 17:27:54.041  INFO 7808 --- [http-nio-9527-exec-1] c.a.s.controller.DownloadController      : 少年，限流了 --Port：当前服务访问人数较多,请稍后再试
2020-12-30 17:27:54.041  INFO 7808 --- [http-nio-9527-exec-1] c.a.s.controller.DownloadController      : 少年，限流了 --Port：当前服务访问人数较多,请稍后再试
2020-12-30 17:27:54.041  INFO 7808 --- [http-nio-9527-exec-1] c.a.s.controller.DownloadController      : 少年，限流了 --Port：当前服务访问人数较多,请稍后再试
2020-12-30 17:27:54.041  INFO 7808 --- [http-nio-9527-exec-1] c.a.s.controller.DownloadController      : 少年，限流了 --Port：当前服务访问人数较多,请稍后再试
2020-12-30 17:27:54.041  INFO 7808 --- [http-nio-9527-exec-1] c.a.s.controller.DownloadController      : 少年，限流了 --Port：当前服务访问人数较多,请稍后再试
2020-12-30 17:27:54.041  INFO 7808 --- [http-nio-9527-exec-1] c.a.s.controller.DownloadController      : 少年，限流了 --Port：当前服务访问人数较多,请稍后再试
2020-12-30 17:27:54.041  INFO 7808 --- [http-nio-9527-exec-1] c.a.s.controller.DownloadController      : 少年，限流了 --Port：当前服务访问人数较多,请稍后再试
2020-12-30 17:27:54.041  INFO 7808 --- [http-nio-9527-exec-1] c.a.s.controller.DownloadController      : 少年，限流了 --Port：当前服务访问人数较多,请稍后再试
2020-12-30 17:27:54.041  INFO 7808 --- [http-nio-9527-exec-1] c.a.s.controller.DownloadController      : 少年，限流了 --Port：当前服务访问人数较多,请稍后再试
2020-12-30 17:27:54.041  INFO 7808 --- [http-nio-9527-exec-1] c.a.s.controller.DownloadController      : 少年，限流了 --Port：当前服务访问人数较多,请稍后再试
2020-12-30 17:27:54.041  INFO 7808 --- [http-nio-9527-exec-1] c.a.s.controller.DownloadController      : 少年，限流了 --Port：当前服务访问人数较多,请稍后再试
2020-12-30 17:27:54.041  INFO 7808 --- [http-nio-9527-exec-1] c.a.s.controller.DownloadController      : 少年，限流了 --Port：当前服务访问人数较多,请稍后再试
2020-12-30 17:27:54.041  INFO 7808 --- [http-nio-9527-exec-1] c.a.s.controller.DownloadController      : 少年，限流了 --Port：当前服务访问人数较多,请稍后再试
2020-12-30 17:27:54.041  INFO 7808 --- [http-nio-9527-exec-1] c.a.s.controller.DownloadController      : 少年，限流了 --Port：当前服务访问人数较多,请稍后再试
2020-12-30 17:27:54.041  INFO 7808 --- [http-nio-9527-exec-1] c.a.s.controller.DownloadController      : 少年，限流了 --Port：当前服务访问人数较多,请稍后再试
2020-12-30 17:27:54.041  INFO 7808 --- [http-nio-9527-exec-1] c.a.s.controller.DownloadController      : 少年，限流了 --Port：当前服务访问人数较多,请稍后再试
2020-12-30 17:27:54.041  INFO 7808 --- [http-nio-9527-exec-1] c.a.s.controller.DownloadController      : 少年，限流了 --Port：当前服务访问人数较多,请稍后再试
2020-12-30 17:27:54.041  INFO 7808 --- [http-nio-9527-exec-1] c.a.s.controller.DownloadController      : 少年，限流了 --Port：当前服务访问人数较多,请稍后再试
2020-12-30 17:27:54.041  INFO 7808 --- [http-nio-9527-exec-1] c.a.s.controller.DownloadController      : 少年，限流了 --Port：当前服务访问人数较多,请稍后再试
2020-12-30 17:27:54.041  INFO 7808 --- [http-nio-9527-exec-1] c.a.s.controller.DownloadController      : 少年，限流了 --Port：当前服务访问人数较多,请稍后再试
2020-12-30 17:27:54.041  INFO 7808 --- [http-nio-9527-exec-1] c.a.s.controller.DownloadController      : 少年，限流了 --Port：当前服务访问人数较多,请稍后再试
2020-12-30 17:27:54.041  INFO 7808 --- [http-nio-9527-exec-1] c.a.s.controller.DownloadController      : 少年，限流了 --Port：当前服务访问人数较多,请稍后再试
2020-12-30 17:27:54.041  INFO 7808 --- [http-nio-9527-exec-1] c.a.s.controller.DownloadController      : 少年，限流了 --Port：当前服务访问人数较多,请稍后再试
2020-12-30 17:27:54.041  INFO 7808 --- [http-nio-9527-exec-1] c.a.s.controller.DownloadController      : 少年，限流了 --Port：当前服务访问人数较多,请稍后再试
2020-12-30 17:27:54.041  INFO 7808 --- [http-nio-9527-exec-1] c.a.s.controller.DownloadController      : 少年，限流了 --Port：当前服务访问人数较多,请稍后再试
2020-12-30 17:27:54.041  INFO 7808 --- [http-nio-9527-exec-1] c.a.s.controller.DownloadController      : 少年，限流了 --Port：当前服务访问人数较多,请稍后再试
2020-12-30 17:27:54.041  INFO 7808 --- [http-nio-9527-exec-1] c.a.s.controller.DownloadController      : 少年，限流了 --Port：当前服务访问人数较多,请稍后再试
2020-12-30 17:27:54.042  INFO 7808 --- [http-nio-9527-exec-1] c.a.s.controller.DownloadController      : 少年，限流了 --Port：当前服务访问人数较多,请稍后再试
2020-12-30 17:27:54.042  INFO 7808 --- [http-nio-9527-exec-1] c.a.s.controller.DownloadController      : 少年，限流了 --Port：当前服务访问人数较多,请稍后再试
2020-12-30 17:27:54.042  INFO 7808 --- [http-nio-9527-exec-1] c.a.s.controller.DownloadController      : 少年，限流了 --Port：当前服务访问人数较多,请稍后再试
2020-12-30 17:27:54.042  INFO 7808 --- [http-nio-9527-exec-1] c.a.s.controller.DownloadController      : 少年，限流了 --Port：当前服务访问人数较多,请稍后再试
2020-12-30 17:27:54.042  INFO 7808 --- [http-nio-9527-exec-1] c.a.s.controller.DownloadController      : 少年，限流了 --Port：当前服务访问人数较多,请稍后再试
2020-12-30 17:27:54.042  INFO 7808 --- [http-nio-9527-exec-1] c.a.s.controller.DownloadController      : 少年，限流了 --Port：当前服务访问人数较多,请稍后再试
2020-12-30 17:27:54.042  INFO 7808 --- [http-nio-9527-exec-1] c.a.s.controller.DownloadController      : 少年，限流了 --Port：当前服务访问人数较多,请稍后再试
2020-12-30 17:27:54.042  INFO 7808 --- [http-nio-9527-exec-1] c.a.s.controller.DownloadController      : 少年，限流了 --Port：当前服务访问人数较多,请稍后再试
2020-12-30 17:27:54.042  INFO 7808 --- [http-nio-9527-exec-1] c.a.s.controller.DownloadController      : 少年，限流了 --Port：当前服务访问人数较多,请稍后再试
2020-12-30 17:27:54.042  INFO 7808 --- [http-nio-9527-exec-1] c.a.s.controller.DownloadController      : 少年，限流了 --Port：当前服务访问人数较多,请稍后再试
2020-12-30 17:27:54.042  INFO 7808 --- [http-nio-9527-exec-1] c.a.s.controller.DownloadController      : 少年，限流了 --Port：当前服务访问人数较多,请稍后再试
2020-12-30 17:27:54.042  INFO 7808 --- [http-nio-9527-exec-1] c.a.s.controller.DownloadController      : 少年，限流了 --Port：当前服务访问人数较多,请稍后再试
2020-12-30 17:27:54.042  INFO 7808 --- [http-nio-9527-exec-1] c.a.s.controller.DownloadController      : 少年，限流了 --Port：当前服务访问人数较多,请稍后再试
2020-12-30 17:27:54.042  INFO 7808 --- [http-nio-9527-exec-1] c.a.s.controller.DownloadController      : 少年，限流了 --Port：当前服务访问人数较多,请稍后再试
2020-12-30 17:27:54.042  INFO 7808 --- [http-nio-9527-exec-1] c.a.s.controller.DownloadController      : 少年，限流了 --Port：当前服务访问人数较多,请稍后再试
2020-12-30 17:27:54.042  INFO 7808 --- [http-nio-9527-exec-1] c.a.s.controller.DownloadController      : 少年，限流了 --Port：当前服务访问人数较多,请稍后再试
2020-12-30 17:27:54.042  INFO 7808 --- [http-nio-9527-exec-1] c.a.s.controller.DownloadController      : 少年，限流了 --Port：当前服务访问人数较多,请稍后再试
2020-12-30 17:30:52.237  INFO 7808 --- [SpringContextShutdownHook] o.s.s.c.ThreadPoolTaskScheduler          : Shutting down ExecutorService 'taskScheduler'
2020-12-30 17:30:52.238  INFO 7808 --- [SpringContextShutdownHook] o.s.s.concurrent.ThreadPoolTaskExecutor  : Shutting down ExecutorService 'applicationTaskExecutor'
2020-12-30 17:30:52.249  INFO 7808 --- [SpringContextShutdownHook] com.alibaba.druid.pool.DruidDataSource   : {dataSource-1} closed
